<?xml version="1.0" encoding="UTF-8"?>
<!-- Generated by org.testng.reporters.JUnitXMLReporter -->
<testsuite ignored="0" hostname="Sign-DnyaneshwarG" failures="0" tests="3" name="RegisterTest" time="0.062" errors="0" timestamp="2025-11-17T16:11:57 IST">
  <testcase classname="Tutorialsninja.Register.TC_RF_002" name="testCase2" time="0.01"/>
  <testcase classname="Tutorialsninja.Register.TC_RF_004" name="testCase4" time="0.01"/>
  <testcase classname="Tutorialsninja.Register.TC_RF_003" name="testCase3" time="0.01"/>
</testsuite> <!-- RegisterTest -->
