<?xml version="1.0" encoding="UTF-8"?>
<!-- Generated by org.testng.reporters.JUnitXMLReporter -->
<testsuite ignored="0" hostname="Sign-DnyaneshwarG" failures="0" tests="5" name="RegisterTest" time="5.971" errors="0" timestamp="2025-11-18T16:20:00 IST">
  <testcase classname="BDD.BDD_TC_001" name="bddTest" time="0.01"/>
  <testcase classname="BDD.BDD_TC_002" name="bddtest2" time="0.011"/>
  <testcase classname="TestNG.TestNG_TC_002" name="testNG1Demo" time="0.01"/>
  <testcase classname="TestNG.TestNG_TC_001" name="testNG_001_Test" time="1.488"/>
  <testcase classname="Tutorialsninja.TC_001" name="registerWithFields" time="3.425"/>
</testsuite> <!-- RegisterTest -->
