<?xml version="1.0" encoding="UTF-8"?>
<!-- Generated by org.testng.reporters.JUnitXMLReporter -->
<testsuite ignored="0" hostname="Sign-DnyaneshwarG" failures="1" tests="5" name="RegisterTest" time="10.763" errors="0" timestamp="2025-11-18T16:24:29 IST">
  <testcase classname="BDD.BDD_TC_001" name="bddTest" time="0.012"/>
  <testcase classname="TestNG.TestNG_TC_002" name="testNG1Demo" time="0.011"/>
  <testcase classname="BDD.BDD_TC_002" name="bddtest2" time="0.01"/>
  <testcase classname="TestNG.TestNG_TC_001" name="testNG_001_Test" time="6.052">
    <failure type="java.lang.AssertionError" message="expected [Tools QA] but found []">
      <![CDATA[java.lang.AssertionError: expected [Tools QA] but found []
at TestNG.TestNG_TC_001.testNG_001_Test(TestNG_TC_001.java:15)
at java.base/java.util.concurrent.Executors$RunnableAdapter.call(Executors.java:572)
at java.base/java.util.concurrent.FutureTask.run(FutureTask.java:317)
at java.base/java.util.concurrent.ThreadPoolExecutor.runWorker(ThreadPoolExecutor.java:1144)
at java.base/java.util.concurrent.ThreadPoolExecutor$Worker.run(ThreadPoolExecutor.java:642)
at java.base/java.lang.Thread.run(Thread.java:1583)
... Removed 17 stack frames]]>
    </failure>
  </testcase> <!-- testNG_001_Test -->
  <testcase classname="Tutorialsninja.TC_001" name="registerWithFields" time="8.233"/>
</testsuite> <!-- RegisterTest -->
