<?xml version="1.0" encoding="UTF-8"?>
<testng-results ignored="0" total="1" passed="1" failed="0" skipped="0">
  <reporter-output>
  </reporter-output>
  <suite started-at="2025-11-17T17:48:31 IST" name="AutomationSuite" finished-at="2025-11-17T17:48:35 IST" duration-ms="4514">
    <groups>
    </groups>
    <test started-at="2025-11-17T17:48:31 IST" name="RegisterTest" finished-at="2025-11-17T17:48:35 IST" duration-ms="4514">
      <class name="Tutorialsninja.TC_001">
        <test-method is-config="true" signature="setup()[pri:0, instance:Tutorialsninja.TC_001@6ed3ccb2]" started-at="2025-11-17T17:48:31 IST" name="setup" finished-at="2025-11-17T17:48:32 IST" duration-ms="1829" status="PASS">
          <reporter-output>
          </reporter-output>
        </test-method> <!-- setup -->
        <test-method signature="registerWithFields()[pri:0, instance:Tutorialsninja.TC_001@6ed3ccb2]" started-at="2025-11-17T17:48:32 IST" name="registerWithFields" finished-at="2025-11-17T17:48:35 IST" duration-ms="2636" status="PASS">
          <reporter-output>
          </reporter-output>
        </test-method> <!-- registerWithFields -->
      </class> <!-- Tutorialsninja.TC_001 -->
    </test> <!-- RegisterTest -->
  </suite> <!-- AutomationSuite -->
</testng-results>
